[debug] [2024-06-21T07:46:34.953Z] ----------------------------------------------------------------------
[debug] [2024-06-21T07:46:34.955Z] Command:       /usr/local/bin/firebase /Users/macbookpro/.cache/firebase/tools/lib/node_modules/firebase-tools/lib/bin/firebase init
[debug] [2024-06-21T07:46:34.955Z] CLI Version:   13.11.2
[debug] [2024-06-21T07:46:34.956Z] Platform:      darwin
[debug] [2024-06-21T07:46:34.956Z] Node Version:  v18.5.0
[debug] [2024-06-21T07:46:34.960Z] Time:          Fri Jun 21 2024 13:16:34 GMT+0530 (India Standard Time)
[debug] [2024-06-21T07:46:34.961Z] ----------------------------------------------------------------------
[debug] 
[debug] [2024-06-21T07:46:35.027Z] Object "" in "firebase.json" has unknown property: {"additionalProperty":"flutter"}
[debug] [2024-06-21T07:46:35.031Z] > command requires scopes: ["email","openid","https://www.googleapis.com/auth/cloudplatformprojects.readonly","https://www.googleapis.com/auth/firebase","https://www.googleapis.com/auth/cloud-platform"]
[debug] [2024-06-21T07:46:35.031Z] > authorizing via signed-in user (saurabhkhandelwaltw@gmail.com)
[debug] [2024-06-21T07:46:35.032Z] Object "" in "firebase.json" has unknown property: {"additionalProperty":"flutter"}
[info] 
     ######## #### ########  ######## ########     ###     ######  ########
     ##        ##  ##     ## ##       ##     ##  ##   ##  ##       ##
     ######    ##  ########  ######   ########  #########  ######  ######
     ##        ##  ##    ##  ##       ##     ## ##     ##       ## ##
     ##       #### ##     ## ######## ########  ##     ##  ######  ########

You're about to initialize a Firebase project in this directory:

  /Users/macbookpro/Desktop/test_innoventure

Before we get started, keep in mind:

  * You are initializing within an existing Firebase project directory

